Local MongoDB unavailable. Falling back to in-memory MongoDB.
Downloading MongoDB "8.2.1": 0% (0mb / 778.2mb)[0G
Downloading MongoDB "8.2.1": 1.1% (8.3mb / 778.2mb)[0G
Downloading MongoDB "8.2.1": 1.9% (14.6mb / 778.2mb)[0G
Downloading MongoDB "8.2.1": 3.4% (26.3mb / 778.2mb)[0G
Downloading MongoDB "8.2.1": 6.5% (50.6mb / 778.2mb)[0G
Downloading MongoDB "8.2.1": 7.8% (60.7mb / 778.2mb)[0G
Downloading MongoDB "8.2.1": 8% (62.5mb / 778.2mb)[0G
Downloading MongoDB "8.2.1": 8.1% (63.2mb / 778.2mb)[0G
Downloading MongoDB "8.2.1": 8.4% (65.1mb / 778.2mb)[0G
Downloading MongoDB "8.2.1": 8.8% (68.4mb / 778.2mb)[0G
Downloading MongoDB "8.2.1": 9.6% (74.8mb / 778.2mb)[0G
Downloading MongoDB "8.2.1": 10.9% (85mb / 778.2mb)[0G
Downloading MongoDB "8.2.1": 13.3% (103.5mb / 778.2mb)[0G
Downloading MongoDB "8.2.1": 15.1% (117.3mb / 778.2mb)[0G
Downloading MongoDB "8.2.1": 17.7% (137.6mb / 778.2mb)[0G
Downloading MongoDB "8.2.1": 18.3% (142.7mb / 778.2mb)[0G
Downloading MongoDB "8.2.1": 19.5% (152.1mb / 778.2mb)[0G
Downloading MongoDB "8.2.1": 21.6% (168.4mb / 778.2mb)[0G
Downloading MongoDB "8.2.1": 24.5% (190.4mb / 778.2mb)[0G
Downloading MongoDB "8.2.1": 26.7% (207.8mb / 778.2mb)[0G
Downloading MongoDB "8.2.1": 31.2% (242.6mb / 778.2mb)[0G
Downloading MongoDB "8.2.1": 32.9% (255.9mb / 778.2mb)[0G
Downloading MongoDB "8.2.1": 33.6% (261.2mb / 778.2mb)[0G
Downloading MongoDB "8.2.1": 34.7% (269.9mb / 778.2mb)[0G
Downloading MongoDB "8.2.1": 36.8% (286.2mb / 778.2mb)[0G
Downloading MongoDB "8.2.1": 39% (303.7mb / 778.2mb)[0G
Downloading MongoDB "8.2.1": 40.5% (315.5mb / 778.2mb)[0G
Downloading MongoDB "8.2.1": 43.7% (339.8mb / 778.2mb)[0G
Downloading MongoDB "8.2.1": 45.9% (357.3mb / 778.2mb)[0G
Downloading MongoDB "8.2.1": 47.2% (367.6mb / 778.2mb)[0G
Downloading MongoDB "8.2.1": 48.4% (376.7mb / 778.2mb)[0G
Downloading MongoDB "8.2.1": 49.3% (383.3mb / 778.2mb)[0G
Downloading MongoDB "8.2.1": 50.7% (394.8mb / 778.2mb)[0G
Downloading MongoDB "8.2.1": 52.9% (411.4mb / 778.2mb)[0G
Downloading MongoDB "8.2.1": 56.4% (438.8mb / 778.2mb)[0G
Downloading MongoDB "8.2.1": 58.2% (452.8mb / 778.2mb)[0G
Downloading MongoDB "8.2.1": 60.5% (471mb / 778.2mb)[0G
Downloading MongoDB "8.2.1": 62.5% (486.2mb / 778.2mb)[0G
Downloading MongoDB "8.2.1": 64.7% (503.6mb / 778.2mb)[0G
Downloading MongoDB "8.2.1": 67% (521.4mb / 778.2mb)[0G
Downloading MongoDB "8.2.1": 69.4% (540.4mb / 778.2mb)[0G
Downloading MongoDB "8.2.1": 71.4% (555.2mb / 778.2mb)[0G
Downloading MongoDB "8.2.1": 72% (560.1mb / 778.2mb)[0G
Downloading MongoDB "8.2.1": 74.5% (579.6mb / 778.2mb)[0G
Downloading MongoDB "8.2.1": 77.4% (602.5mb / 778.2mb)[0G
Downloading MongoDB "8.2.1": 78.6% (611.8mb / 778.2mb)[0G
Downloading MongoDB "8.2.1": 80.6% (627.1mb / 778.2mb)[0G
Downloading MongoDB "8.2.1": 84.2% (655.1mb / 778.2mb)[0G
Downloading MongoDB "8.2.1": 85.9% (668.3mb / 778.2mb)[0G
Downloading MongoDB "8.2.1": 87.7% (682.7mb / 778.2mb)[0G
Downloading MongoDB "8.2.1": 89% (692.7mb / 778.2mb)[0G
Downloading MongoDB "8.2.1": 89.8% (699.1mb / 778.2mb)[0G
Downloading MongoDB "8.2.1": 91% (708mb / 778.2mb)[0G
Downloading MongoDB "8.2.1": 92.3% (717.9mb / 778.2mb)[0G
Downloading MongoDB "8.2.1": 93.1% (724.3mb / 778.2mb)[0G
Downloading MongoDB "8.2.1": 94.1% (732mb / 778.2mb)[0G
Downloading MongoDB "8.2.1": 96% (747.3mb / 778.2mb)[0G
Downloading MongoDB "8.2.1": 98.3% (765mb / 778.2mb)[0G
Downloading MongoDB "8.2.1": 100% (778.2mb / 778.2mb)[0G
Downloading MongoDB "8.2.1": 100% (0mb / 0mb)[0G
In-memory MongoDB connected
Demo data loaded into in-memory MongoDB
Server running at http://localhost:5000
